<?xml version="1.0" encoding="UTF-8"?>
<!-- Generated by org.testng.reporters.JUnitReportReporter -->
<testsuite ignored="0" hostname="DESKTOP-D73AM0H" failures="0" tests="1" name="SwagLab.SwagDemo.Base" time="14.241" errors="0" timestamp="30 Jan 2022 16:13:39 GMT" skipped="0">
  <testcase classname="SwagLab.SwagDemo.Base" name="InvokeDriver" time="14.241"/>
</testsuite> <!-- SwagLab.SwagDemo.Base -->
